Build started 12/29/2016 20:23:06.
     1>Project "B:\234325\CG-HW3\CGWork\CGWork.vcxproj" on node 2 (Build target(s)).
     1>ClCompile:
         C:\Program Files (x86)\Microsoft Visual Studio 12.0\VC\bin\CL.exe /c /I..\pngLib /I..\include /ZI /nologo /W3 /WX- /Od /Oy- /D WIN32 /D _DEBUG /D _WINDOWS /D WINVER=0x501 /D NO_WARN_MBCS_MFC_DEPRECATION /D _VC80_UPGRADE=0x0710 /D _UNICODE /D UNICODE /D _AFXDLL /Gm- /EHsc /RTC1 /MDd /GS /fp:precise /Zc:wchar_t /Zc:forScope /Fo".\Debug/" /Fd".\Debug/vc120.pdb" /Gd /TP /wd4273 /wd4996 /wd4800 /analyze- /errorReport:prompt CGWorkView.cpp
         CGWorkView.cpp
     1>b:\234325\cg-hw3\cgwork\model.h(27): warning C4305: 'initializing' : truncation from '__int64' to 'double'
     1>b:\234325\cg-hw3\cgwork\model.h(28): warning C4305: 'initializing' : truncation from '__int64' to 'double'
     1>b:\234325\cg-hw3\cgwork\cgworkview.cpp(56): warning C4305: 'initializing' : truncation from '__int64' to 'double'
     1>b:\234325\cg-hw3\cgwork\cgworkview.cpp(402): warning C4244: '=' : conversion from 'double' to 'int', possible loss of data
     1>b:\234325\cg-hw3\cgwork\cgworkview.cpp(403): warning C4244: '=' : conversion from 'double' to 'int', possible loss of data
     1>b:\234325\cg-hw3\cgwork\cgworkview.cpp(404): warning C4244: '=' : conversion from 'double' to 'int', possible loss of data
     1>b:\234325\cg-hw3\cgwork\cgworkview.cpp(445): warning C4244: '=' : conversion from 'double' to 'int', possible loss of data
     1>b:\234325\cg-hw3\cgwork\cgworkview.cpp(446): warning C4244: '=' : conversion from 'double' to 'int', possible loss of data
     1>b:\234325\cg-hw3\cgwork\cgworkview.cpp(447): warning C4244: '=' : conversion from 'double' to 'int', possible loss of data
     1>b:\234325\cg-hw3\cgwork\cgworkview.cpp(505): warning C4244: 'argument' : conversion from 'double' to 'int', possible loss of data
     1>b:\234325\cg-hw3\cgwork\cgworkview.cpp(507): warning C4244: 'argument' : conversion from 'double' to 'int', possible loss of data
     1>b:\234325\cg-hw3\cgwork\cgworkview.cpp(509): warning C4244: 'argument' : conversion from 'double' to 'int', possible loss of data
     1>b:\234325\cg-hw3\cgwork\cgworkview.cpp(511): warning C4244: 'argument' : conversion from 'double' to 'int', possible loss of data
     1>b:\234325\cg-hw3\cgwork\cgworkview.cpp(517): warning C4244: 'argument' : conversion from 'double' to 'int', possible loss of data
     1>b:\234325\cg-hw3\cgwork\cgworkview.cpp(519): warning C4244: 'argument' : conversion from 'double' to 'int', possible loss of data
     1>b:\234325\cg-hw3\cgwork\cgworkview.cpp(521): warning C4244: 'argument' : conversion from 'double' to 'int', possible loss of data
     1>b:\234325\cg-hw3\cgwork\cgworkview.cpp(523): warning C4244: 'argument' : conversion from 'double' to 'int', possible loss of data
     1>b:\234325\cg-hw3\cgwork\cgworkview.cpp(528): warning C4244: 'argument' : conversion from 'double' to 'int', possible loss of data
     1>b:\234325\cg-hw3\cgwork\cgworkview.cpp(530): warning C4244: 'argument' : conversion from 'double' to 'int', possible loss of data
     1>b:\234325\cg-hw3\cgwork\cgworkview.cpp(574): warning C4244: 'initializing' : conversion from 'double' to 'int', possible loss of data
     1>b:\234325\cg-hw3\cgwork\cgworkview.cpp(575): warning C4244: 'initializing' : conversion from 'double' to 'int', possible loss of data
     1>b:\234325\cg-hw3\cgwork\cgworkview.cpp(576): warning C4244: 'initializing' : conversion from 'double' to 'int', possible loss of data
     1>b:\234325\cg-hw3\cgwork\cgworkview.cpp(588): warning C4244: '=' : conversion from 'double' to 'int', possible loss of data
     1>b:\234325\cg-hw3\cgwork\cgworkview.cpp(591): warning C4244: '=' : conversion from 'double' to 'int', possible loss of data
     1>b:\234325\cg-hw3\cgwork\cgworkview.cpp(697): warning C4244: '=' : conversion from 'double' to 'int', possible loss of data
     1>b:\234325\cg-hw3\cgwork\cgworkview.cpp(700): warning C4244: '=' : conversion from 'double' to 'int', possible loss of data
     1>b:\234325\cg-hw3\cgwork\cgworkview.cpp(802): warning C4244: '=' : conversion from 'double' to 'int', possible loss of data
     1>b:\234325\cg-hw3\cgwork\cgworkview.cpp(805): warning C4244: '=' : conversion from 'double' to 'int', possible loss of data
     1>b:\234325\cg-hw3\cgwork\cgworkview.cpp(937): warning C4244: '=' : conversion from 'double' to 'int', possible loss of data
     1>b:\234325\cg-hw3\cgwork\cgworkview.cpp(940): warning C4244: '=' : conversion from 'double' to 'int', possible loss of data
     1>b:\234325\cg-hw3\cgwork\cgworkview.cpp(1351): warning C4305: 'argument' : truncation from '__int64' to 'const double'
       Link:
         C:\Program Files (x86)\Microsoft Visual Studio 12.0\VC\bin\link.exe /ERRORREPORT:PROMPT /OUT:"..\bin\Debug\CGWork.exe" /INCREMENTAL /NOLOGO /LIBPATH:..\pngLib /LIBPATH:..\iritLib GLU32.LIB zlibd.lib libpngd.lib iritD.lib /MANIFEST /MANIFESTUAC:"level='asInvoker' uiAccess='false'" /manifest:embed /manifestinput:"C:\Program Files (x86)\Microsoft Visual Studio 12.0\VC\Include\Manifest\dpiaware.manifest" /DEBUG /PDB:".\Debug/CGWork.pdb" /SUBSYSTEM:WINDOWS /TLBID:1 /ENTRY:"wWinMainCRTStartup" /DYNAMICBASE:NO /IMPLIB:"..\bin\Debug\CGWork.lib" /MACHINE:X86 /SAFESEH .\Debug\CGWork.res
         .\Debug/CGWork.obj
         .\Debug/CGWorkDoc.obj
         .\Debug/CGWorkView.obj
         .\Debug/iritSkel.obj
         .\Debug/LightDialog.obj
         .\Debug/MainFrm.obj
         .\Debug/MaterialDlg.obj
         .\Debug/PngWrapper.obj
         .\Debug/SensetivityDialog.obj
         .\Debug/StdAfx.obj
         CGWork.vcxproj -> B:\234325\CG-HW3\CGWork\..\bin\Debug\CGWork.exe
     1>Done Building Project "B:\234325\CG-HW3\CGWork\CGWork.vcxproj" (Build target(s)).

Build succeeded.

Time Elapsed 00:00:03.62
