Build started 1/3/2017 00:48:28.
     1>Project "B:\234325\CG-HW3\CGWork\CGWork.vcxproj" on node 2 (Build target(s)).
     1>ClCompile:
         C:\Program Files (x86)\Microsoft Visual Studio 12.0\VC\bin\CL.exe /c /I..\pngLib /I..\include /Zi /nologo /W3 /WX- /O2 /Ob1 /Oy- /D WIN32 /D NDEBUG /D _WINDOWS /D WINVER=0x501 /D NO_WARN_MBCS_MFC_DEPRECATION /D _VC80_UPGRADE=0x0710 /D _UNICODE /D UNICODE /D _AFXDLL /GF /Gm- /EHsc /MD /GS /Gy /fp:precise /Zc:wchar_t /Zc:forScope /Fo".\Release/" /Fd".\Release/vc120.pdb" /FR".\Release\\" /Gd /TP /wd4273 /wd4996 /wd4800 /analyze- /errorReport:prompt CGWorkView.cpp
         CGWorkView.cpp
     1>b:\234325\cg-hw3\cgwork\Model.h(35): warning C4305: 'initializing' : truncation from '__int64' to 'double'
     1>b:\234325\cg-hw3\cgwork\Model.h(36): warning C4305: 'initializing' : truncation from '__int64' to 'double'
     1>CGWorkView.cpp(62): warning C4305: 'initializing' : truncation from '__int64' to 'double'
     1>CGWorkView.cpp(414): warning C4244: '=' : conversion from 'double' to 'int', possible loss of data
     1>CGWorkView.cpp(415): warning C4244: '=' : conversion from 'double' to 'int', possible loss of data
     1>CGWorkView.cpp(416): warning C4244: '=' : conversion from 'double' to 'int', possible loss of data
     1>CGWorkView.cpp(457): warning C4244: '=' : conversion from 'double' to 'int', possible loss of data
     1>CGWorkView.cpp(458): warning C4244: '=' : conversion from 'double' to 'int', possible loss of data
     1>CGWorkView.cpp(459): warning C4244: '=' : conversion from 'double' to 'int', possible loss of data
     1>CGWorkView.cpp(517): warning C4244: 'argument' : conversion from 'double' to 'int', possible loss of data
     1>CGWorkView.cpp(519): warning C4244: 'argument' : conversion from 'double' to 'int', possible loss of data
     1>CGWorkView.cpp(521): warning C4244: 'argument' : conversion from 'double' to 'int', possible loss of data
     1>CGWorkView.cpp(523): warning C4244: 'argument' : conversion from 'double' to 'int', possible loss of data
     1>CGWorkView.cpp(529): warning C4244: 'argument' : conversion from 'double' to 'int', possible loss of data
     1>CGWorkView.cpp(531): warning C4244: 'argument' : conversion from 'double' to 'int', possible loss of data
     1>CGWorkView.cpp(533): warning C4244: 'argument' : conversion from 'double' to 'int', possible loss of data
     1>CGWorkView.cpp(535): warning C4244: 'argument' : conversion from 'double' to 'int', possible loss of data
     1>CGWorkView.cpp(540): warning C4244: 'argument' : conversion from 'double' to 'int', possible loss of data
     1>CGWorkView.cpp(542): warning C4244: 'argument' : conversion from 'double' to 'int', possible loss of data
     1>CGWorkView.cpp(615): warning C4244: 'initializing' : conversion from 'double' to 'int', possible loss of data
     1>CGWorkView.cpp(616): warning C4244: 'initializing' : conversion from 'double' to 'int', possible loss of data
     1>CGWorkView.cpp(617): warning C4244: 'initializing' : conversion from 'double' to 'int', possible loss of data
     1>CGWorkView.cpp(646): warning C4244: '=' : conversion from 'double' to 'int', possible loss of data
     1>CGWorkView.cpp(649): warning C4244: '=' : conversion from 'double' to 'int', possible loss of data
     1>CGWorkView.cpp(665): warning C4244: 'argument' : conversion from 'double' to 'int', possible loss of data
     1>CGWorkView.cpp(688): warning C4244: 'argument' : conversion from 'double' to 'int', possible loss of data
     1>CGWorkView.cpp(711): warning C4244: 'argument' : conversion from 'double' to 'int', possible loss of data
     1>CGWorkView.cpp(730): warning C4244: 'argument' : conversion from 'double' to 'int', possible loss of data
     1>CGWorkView.cpp(759): warning C4244: '=' : conversion from 'double' to 'int', possible loss of data
     1>CGWorkView.cpp(762): warning C4244: '=' : conversion from 'double' to 'int', possible loss of data
     1>CGWorkView.cpp(778): warning C4244: 'argument' : conversion from 'double' to 'int', possible loss of data
     1>CGWorkView.cpp(801): warning C4244: 'argument' : conversion from 'double' to 'int', possible loss of data
     1>CGWorkView.cpp(824): warning C4244: 'argument' : conversion from 'double' to 'int', possible loss of data
     1>CGWorkView.cpp(843): warning C4244: 'argument' : conversion from 'double' to 'int', possible loss of data
     1>CGWorkView.cpp(856): warning C4244: '=' : conversion from 'double' to 'int', possible loss of data
     1>CGWorkView.cpp(859): warning C4244: '=' : conversion from 'double' to 'int', possible loss of data
     1>CGWorkView.cpp(991): warning C4244: '=' : conversion from 'double' to 'int', possible loss of data
     1>CGWorkView.cpp(994): warning C4244: '=' : conversion from 'double' to 'int', possible loss of data
     1>CGWorkView.cpp(1405): warning C4305: 'argument' : truncation from '__int64' to 'const double'
       Link:
         C:\Program Files (x86)\Microsoft Visual Studio 12.0\VC\bin\link.exe /ERRORREPORT:PROMPT /OUT:"..\bin\Release\CGWork.exe" /INCREMENTAL:NO /NOLOGO /LIBPATH:..\pngLib /LIBPATH:..\iritLib GLU32.LIB zlib.lib libpng.lib irit.lib /MANIFEST /MANIFESTUAC:"level='asInvoker' uiAccess='false'" /manifest:embed /manifestinput:"C:\Program Files (x86)\Microsoft Visual Studio 12.0\VC\Include\Manifest\dpiaware.manifest" /PDB:".\Release/CGWork.pdb" /SUBSYSTEM:WINDOWS /TLBID:1 /ENTRY:"wWinMainCRTStartup" /DYNAMICBASE:NO /IMPLIB:"..\bin\Release\CGWork.lib" /MACHINE:X86 /SAFESEH .\Release\CGWork.res
         .\Release/CGWork.obj
         .\Release/CGWorkDoc.obj
         .\Release/CGWorkView.obj
         .\Release/iritSkel.obj
         .\Release/LightDialog.obj
         .\Release/MainFrm.obj
         .\Release/MaterialDlg.obj
         .\Release/PngWrapper.obj
         .\Release/SensetivityDialog.obj
         .\Release/StdAfx.obj
         CGWork.vcxproj -> B:\234325\CG-HW3\CGWork\..\bin\Release\CGWork.exe
       BscMake:
         C:\Program Files (x86)\Microsoft Visual Studio 12.0\VC\bin\bscmake.exe /nologo /o"..\bin\Release\CGWork.bsc" .\Release\CGWork.sbr .\Release\CGWorkDoc.sbr .\Release\CGWorkView.sbr .\Release\iritSkel.sbr .\Release\LightDialog.sbr .\Release\MainFrm.sbr .\Release\MaterialDlg.sbr .\Release\PngWrapper.sbr .\Release\SensetivityDialog.sbr .\Release\StdAfx.sbr
     1>Done Building Project "B:\234325\CG-HW3\CGWork\CGWork.vcxproj" (Build target(s)).

Build succeeded.

Time Elapsed 00:00:15.24
